app/build/intermediates/manifest_merge_blame_file/debug/manifest-merger-blame-debug-report.txt
1<?xml version="1.0" encoding="utf-8"?>
2<manifest xmlns:android="http://schemas.android.com/apk/res/android"
3    package="edu.mx.ti.idgs.ddi.tarea07_200559"
4    android:versionCode="1"
5    android:versionName="1.0" >
6
7    <uses-sdk
8        android:minSdkVersion="30"
8-->src\main\AndroidManifest.xml
9        android:targetSdkVersion="33" />
9-->src\main\AndroidManifest.xml
10
11    <uses-feature android:name="android.hardware.type.watch" />
11-->src\main\AndroidManifest.xml:4:5-64
11-->src\main\AndroidManifest.xml:4:19-61
12
13    <uses-permission android:name="android.permission.WAKE_LOCK" />
13-->src\main\AndroidManifest.xml:6:5-68
13-->src\main\AndroidManifest.xml:6:22-65
14    <uses-permission android:name="android.permission.INTERNET" />
14-->src\main\AndroidManifest.xml:7:5-67
14-->src\main\AndroidManifest.xml:7:22-64
15    <uses-permission android:name="android.permission.ACCESS_COARSE_LOCATION" />
15-->src\main\AndroidManifest.xml:8:5-81
15-->src\main\AndroidManifest.xml:8:22-78
16    <uses-permission android:name="android.permission.ACCESS_FINE_LOCATION" />
16-->src\main\AndroidManifest.xml:9:5-79
16-->src\main\AndroidManifest.xml:9:22-76
17
18    <permission
18-->[androidx.core:core:1.9.0] AndroidManifest.xml:22:5-24:47
19        android:name="edu.mx.ti.idgs.ddi.tarea07_200559.DYNAMIC_RECEIVER_NOT_EXPORTED_PERMISSION"
19-->[androidx.core:core:1.9.0] AndroidManifest.xml:23:9-81
20        android:protectionLevel="signature" />
20-->[androidx.core:core:1.9.0] AndroidManifest.xml:24:9-44
21
22    <uses-permission android:name="edu.mx.ti.idgs.ddi.tarea07_200559.DYNAMIC_RECEIVER_NOT_EXPORTED_PERMISSION" />
22-->[androidx.core:core:1.9.0] AndroidManifest.xml:26:5-97
22-->[androidx.core:core:1.9.0] AndroidManifest.xml:26:22-94
23
24    <queries>
24-->[androidx.wear.tiles:tiles:1.1.0] AndroidManifest.xml:7:5-11:15
25        <intent>
25-->[androidx.wear.tiles:tiles:1.1.0] AndroidManifest.xml:8:9-10:18
26            <action android:name="androidx.wear.tiles.action.BIND_UPDATE_REQUESTER" />
26-->[androidx.wear.tiles:tiles:1.1.0] AndroidManifest.xml:9:13-87
26-->[androidx.wear.tiles:tiles:1.1.0] AndroidManifest.xml:9:21-84
27        </intent>
28    </queries>
29
30    <application
30-->src\main\AndroidManifest.xml:11:5-70:19
31        android:allowBackup="true"
31-->src\main\AndroidManifest.xml:12:9-35
32        android:appComponentFactory="androidx.core.app.CoreComponentFactory"
32-->[androidx.core:core:1.9.0] AndroidManifest.xml:28:18-86
33        android:debuggable="true"
34        android:extractNativeLibs="false"
35        android:icon="@drawable/cli"
35-->src\main\AndroidManifest.xml:13:9-37
36        android:label="@string/app_name"
36-->src\main\AndroidManifest.xml:14:9-41
37        android:supportsRtl="true"
37-->src\main\AndroidManifest.xml:15:9-35
38        android:testOnly="true"
39        android:theme="@android:style/Theme.DeviceDefault"
39-->src\main\AndroidManifest.xml:17:9-59
40        android:usesCleartextTraffic="true" >
40-->src\main\AndroidManifest.xml:16:9-44
41        <service
41-->src\main\AndroidManifest.xml:18:9-33:19
42            android:name="edu.mx.ti.idgs.ddi.tarea07_200559.complication.MainComplicationService"
42-->src\main\AndroidManifest.xml:19:13-65
43            android:exported="true"
43-->src\main\AndroidManifest.xml:20:13-36
44            android:label="@string/complication_label"
44-->src\main\AndroidManifest.xml:21:13-55
45            android:permission="com.google.android.wearable.permission.BIND_COMPLICATION_PROVIDER" >
45-->src\main\AndroidManifest.xml:22:13-99
46            <intent-filter>
46-->src\main\AndroidManifest.xml:23:13-25:29
47                <action android:name="android.support.wearable.complications.ACTION_COMPLICATION_UPDATE_REQUEST" />
47-->src\main\AndroidManifest.xml:24:17-116
47-->src\main\AndroidManifest.xml:24:25-113
48            </intent-filter>
49
50            <meta-data
50-->src\main\AndroidManifest.xml:27:13-29:46
51                android:name="android.support.wearable.complications.SUPPORTED_TYPES"
51-->src\main\AndroidManifest.xml:28:17-86
52                android:value="SHORT_TEXT" />
52-->src\main\AndroidManifest.xml:29:17-43
53            <meta-data
53-->src\main\AndroidManifest.xml:30:13-32:37
54                android:name="android.support.wearable.complications.UPDATE_PERIOD_SECONDS"
54-->src\main\AndroidManifest.xml:31:17-92
55                android:value="0" />
55-->src\main\AndroidManifest.xml:32:17-34
56        </service>
57        <service
57-->src\main\AndroidManifest.xml:34:9-46:19
58            android:name="edu.mx.ti.idgs.ddi.tarea07_200559.tile.MainTileService"
58-->src\main\AndroidManifest.xml:35:13-49
59            android:exported="true"
59-->src\main\AndroidManifest.xml:36:13-36
60            android:label="@string/tile_label"
60-->src\main\AndroidManifest.xml:37:13-47
61            android:permission="com.google.android.wearable.permission.BIND_TILE_PROVIDER" >
61-->src\main\AndroidManifest.xml:38:13-91
62            <intent-filter>
62-->src\main\AndroidManifest.xml:39:13-41:29
63                <action android:name="androidx.wear.tiles.action.BIND_TILE_PROVIDER" />
63-->src\main\AndroidManifest.xml:40:17-88
63-->src\main\AndroidManifest.xml:40:25-85
64            </intent-filter>
65
66            <meta-data
66-->src\main\AndroidManifest.xml:43:13-45:61
67                android:name="androidx.wear.tiles.PREVIEW"
67-->src\main\AndroidManifest.xml:44:17-59
68                android:resource="@drawable/tile_preview" />
68-->src\main\AndroidManifest.xml:45:17-58
69        </service>
70
71        <uses-library
71-->src\main\AndroidManifest.xml:48:9-50:39
72            android:name="com.google.android.wearable"
72-->src\main\AndroidManifest.xml:49:13-55
73            android:required="true" />
73-->src\main\AndroidManifest.xml:50:13-36
74        <!--
75               Set to true if your app is Standalone, that is, it does not require the handheld
76               app to run.
77        -->
78        <meta-data
78-->src\main\AndroidManifest.xml:55:9-57:36
79            android:name="com.google.android.wearable.standalone"
79-->src\main\AndroidManifest.xml:56:13-66
80            android:value="true" />
80-->src\main\AndroidManifest.xml:57:13-33
81
82        <activity
82-->src\main\AndroidManifest.xml:59:9-69:20
83            android:name="edu.mx.ti.idgs.ddi.tarea07_200559.presentation.MainActivity"
83-->src\main\AndroidManifest.xml:60:13-54
84            android:exported="true"
84-->src\main\AndroidManifest.xml:61:13-36
85            android:label="@string/app_name"
85-->src\main\AndroidManifest.xml:62:13-45
86            android:theme="@style/AppTheme" >
86-->src\main\AndroidManifest.xml:63:13-44
87            <intent-filter>
87-->src\main\AndroidManifest.xml:64:13-68:29
88                <action android:name="android.intent.action.MAIN" />
88-->src\main\AndroidManifest.xml:65:17-69
88-->src\main\AndroidManifest.xml:65:25-66
89
90                <category android:name="android.intent.category.LAUNCHER" />
90-->src\main\AndroidManifest.xml:67:17-77
90-->src\main\AndroidManifest.xml:67:27-74
91            </intent-filter>
92        </activity>
93        <activity
93-->[androidx.compose.ui:ui-tooling:1.3.0] AndroidManifest.xml:23:9-25:39
94            android:name="androidx.compose.ui.tooling.PreviewActivity"
94-->[androidx.compose.ui:ui-tooling:1.3.0] AndroidManifest.xml:24:13-71
95            android:exported="true" />
95-->[androidx.compose.ui:ui-tooling:1.3.0] AndroidManifest.xml:25:13-36
96        <activity
96-->[androidx.compose.ui:ui-test-manifest:1.3.0] AndroidManifest.xml:23:9-25:39
97            android:name="androidx.activity.ComponentActivity"
97-->[androidx.compose.ui:ui-test-manifest:1.3.0] AndroidManifest.xml:24:13-63
98            android:exported="true" />
98-->[androidx.compose.ui:ui-test-manifest:1.3.0] AndroidManifest.xml:25:13-36
99        <activity
99-->[com.google.android.gms:play-services-base:17.5.0] AndroidManifest.xml:23:9-26:75
100            android:name="com.google.android.gms.common.api.GoogleApiActivity"
100-->[com.google.android.gms:play-services-base:17.5.0] AndroidManifest.xml:24:13-79
101            android:exported="false"
101-->[com.google.android.gms:play-services-base:17.5.0] AndroidManifest.xml:25:13-37
102            android:theme="@android:style/Theme.Translucent.NoTitleBar" />
102-->[com.google.android.gms:play-services-base:17.5.0] AndroidManifest.xml:26:13-72
103
104        <meta-data
104-->[com.google.android.gms:play-services-basement:17.5.0] AndroidManifest.xml:23:9-25:69
105            android:name="com.google.android.gms.version"
105-->[com.google.android.gms:play-services-basement:17.5.0] AndroidManifest.xml:24:13-58
106            android:value="@integer/google_play_services_version" />
106-->[com.google.android.gms:play-services-basement:17.5.0] AndroidManifest.xml:25:13-66
107
108        <provider
108-->[androidx.emoji2:emoji2:1.2.0] AndroidManifest.xml:24:9-32:20
109            android:name="androidx.startup.InitializationProvider"
109-->[androidx.emoji2:emoji2:1.2.0] AndroidManifest.xml:25:13-67
110            android:authorities="edu.mx.ti.idgs.ddi.tarea07_200559.androidx-startup"
110-->[androidx.emoji2:emoji2:1.2.0] AndroidManifest.xml:26:13-68
111            android:exported="false" >
111-->[androidx.emoji2:emoji2:1.2.0] AndroidManifest.xml:27:13-37
112            <meta-data
112-->[androidx.emoji2:emoji2:1.2.0] AndroidManifest.xml:29:13-31:52
113                android:name="androidx.emoji2.text.EmojiCompatInitializer"
113-->[androidx.emoji2:emoji2:1.2.0] AndroidManifest.xml:30:17-75
114                android:value="androidx.startup" />
114-->[androidx.emoji2:emoji2:1.2.0] AndroidManifest.xml:31:17-49
115            <meta-data
115-->[androidx.profileinstaller:profileinstaller:1.2.0] AndroidManifest.xml:30:13-32:52
116                android:name="androidx.profileinstaller.ProfileInstallerInitializer"
116-->[androidx.profileinstaller:profileinstaller:1.2.0] AndroidManifest.xml:31:17-85
117                android:value="androidx.startup" />
117-->[androidx.profileinstaller:profileinstaller:1.2.0] AndroidManifest.xml:32:17-49
118            <meta-data
118-->[androidx.lifecycle:lifecycle-process:2.4.1] AndroidManifest.xml:31:13-33:52
119                android:name="androidx.lifecycle.ProcessLifecycleInitializer"
119-->[androidx.lifecycle:lifecycle-process:2.4.1] AndroidManifest.xml:32:17-78
120                android:value="androidx.startup" />
120-->[androidx.lifecycle:lifecycle-process:2.4.1] AndroidManifest.xml:33:17-49
121        </provider>
122
123        <receiver
123-->[androidx.profileinstaller:profileinstaller:1.2.0] AndroidManifest.xml:35:9-47:20
124            android:name="androidx.profileinstaller.ProfileInstallReceiver"
124-->[androidx.profileinstaller:profileinstaller:1.2.0] AndroidManifest.xml:36:13-76
125            android:directBootAware="false"
125-->[androidx.profileinstaller:profileinstaller:1.2.0] AndroidManifest.xml:37:13-44
126            android:enabled="true"
126-->[androidx.profileinstaller:profileinstaller:1.2.0] AndroidManifest.xml:38:13-35
127            android:exported="true"
127-->[androidx.profileinstaller:profileinstaller:1.2.0] AndroidManifest.xml:39:13-36
128            android:permission="android.permission.DUMP" >
128-->[androidx.profileinstaller:profileinstaller:1.2.0] AndroidManifest.xml:40:13-57
129            <intent-filter>
129-->[androidx.profileinstaller:profileinstaller:1.2.0] AndroidManifest.xml:41:13-43:29
130                <action android:name="androidx.profileinstaller.action.INSTALL_PROFILE" />
130-->[androidx.profileinstaller:profileinstaller:1.2.0] AndroidManifest.xml:42:17-91
130-->[androidx.profileinstaller:profileinstaller:1.2.0] AndroidManifest.xml:42:25-88
131            </intent-filter>
132            <intent-filter>
132-->[androidx.profileinstaller:profileinstaller:1.2.0] AndroidManifest.xml:44:13-46:29
133                <action android:name="androidx.profileinstaller.action.SKIP_FILE" />
133-->[androidx.profileinstaller:profileinstaller:1.2.0] AndroidManifest.xml:45:17-85
133-->[androidx.profileinstaller:profileinstaller:1.2.0] AndroidManifest.xml:45:25-82
134            </intent-filter>
135        </receiver>
136    </application>
137
138</manifest>